<?xml version="1.0" encoding="UTF-8"?>
<!-- Generated by org.testng.reporters.JUnitReportReporter -->
<testsuite hostname="DESKTOP-7SKN0R1" failures="0" tests="1" name="com.Saucedemo.TestClasses.TC01LogInFunctionality" time="13.384" errors="0" timestamp="2022-05-30T14:39:06 IST" skipped="0">
  <testcase classname="com.Saucedemo.TestClasses.TC01LogInFunctionality" name="LogInFunctionalityTest" time="13.384"/>
  <system-out/>
</testsuite> <!-- com.Saucedemo.TestClasses.TC01LogInFunctionality -->
